[cb0207:218280:0:218379] Caught signal 11 (Segmentation fault: address not mapped to object at address 0xb886c00)
[cb0207:218285:0:218369] Caught signal 11 (Segmentation fault: address not mapped to object at address 0xc59dda0)
[cb0207:218284:0:218385] Caught signal 11 (Segmentation fault: address not mapped to object at address 0xba64b70)
[cb0207:218286:0:218350] Caught signal 11 (Segmentation fault: address not mapped to object at address 0xd0d4830)
[cb0207:218287:0:218377] Caught signal 11 (Segmentation fault: address not mapped to object at address 0xc707c80)
[cb0207:218283:0:218374] Caught signal 11 (Segmentation fault: address not mapped to object at address 0xd3ecce0)
[cb0207:218281:1:218316] Caught signal 11 (Segmentation fault: address not mapped to object at address 0xca5a7a0)
[cb0207:218281:0:218366] Caught signal 11 (Segmentation fault: address not mapped to object at address 0xccacb10)
[cb0207:218281:2:218364] Caught signal 11 (Segmentation fault: address not mapped to object at address 0xcc57d30)

===================================================================================
=   BAD TERMINATION OF ONE OF YOUR APPLICATION PROCESSES
=   RANK 0 PID 218280 RUNNING AT cb0207
=   KILLED BY SIGNAL: 11 (Segmentation fault)
===================================================================================

===================================================================================
=   BAD TERMINATION OF ONE OF YOUR APPLICATION PROCESSES
=   RANK 1 PID 218281 RUNNING AT cb0207
=   KILLED BY SIGNAL: 11 (Segmentation fault)
===================================================================================

===================================================================================
=   BAD TERMINATION OF ONE OF YOUR APPLICATION PROCESSES
=   RANK 2 PID 218282 RUNNING AT cb0207
=   KILLED BY SIGNAL: 11 (Segmentation fault)
===================================================================================

===================================================================================
=   BAD TERMINATION OF ONE OF YOUR APPLICATION PROCESSES
=   RANK 3 PID 218283 RUNNING AT cb0207
=   KILLED BY SIGNAL: 11 (Segmentation fault)
===================================================================================

===================================================================================
=   BAD TERMINATION OF ONE OF YOUR APPLICATION PROCESSES
=   RANK 4 PID 218284 RUNNING AT cb0207
=   KILLED BY SIGNAL: 11 (Segmentation fault)
===================================================================================

===================================================================================
=   BAD TERMINATION OF ONE OF YOUR APPLICATION PROCESSES
=   RANK 5 PID 218285 RUNNING AT cb0207
=   KILLED BY SIGNAL: 9 (Killed)
===================================================================================

===================================================================================
=   BAD TERMINATION OF ONE OF YOUR APPLICATION PROCESSES
=   RANK 6 PID 218286 RUNNING AT cb0207
=   KILLED BY SIGNAL: 11 (Segmentation fault)
===================================================================================

===================================================================================
=   BAD TERMINATION OF ONE OF YOUR APPLICATION PROCESSES
=   RANK 7 PID 218287 RUNNING AT cb0207
=   KILLED BY SIGNAL: 11 (Segmentation fault)
===================================================================================
