[cb0204:22150:0:22235] Caught signal 11 (Segmentation fault: address not mapped to object at address 0xd1f2be0)
[cb0204:22152:0:22253] Caught signal 11 (Segmentation fault: address not mapped to object at address 0xb8caad0)
[cb0204:22153:0:22255] Caught signal 11 (Segmentation fault: address not mapped to object at address 0xb866a10)
[cb0204:22153:1:22254] Caught signal 11 (Segmentation fault: address not mapped to object at address 0xb811ae0)
[cb0204:22156:0:22239] Caught signal 11 (Segmentation fault: address not mapped to object at address 0xcc91cd0)
[cb0204:22157:0:22224] Caught signal 11 (Segmentation fault: address not mapped to object at address 0xbc7ff70)
[cb0204:22154:1:22230] Caught signal 11 (Segmentation fault: address not mapped to object at address 0xce2fad0)
[cb0204:22154:0:22228] Caught signal 11 (Segmentation fault: address not mapped to object at address 0xcdd5810)
[cb0204:22155:0:22251] Caught signal 11 (Segmentation fault: address not mapped to object at address 0xbbf4b70)

===================================================================================
=   BAD TERMINATION OF ONE OF YOUR APPLICATION PROCESSES
=   RANK 0 PID 22150 RUNNING AT cb0204
=   KILLED BY SIGNAL: 9 (Killed)
===================================================================================

===================================================================================
=   BAD TERMINATION OF ONE OF YOUR APPLICATION PROCESSES
=   RANK 1 PID 22151 RUNNING AT cb0204
=   KILLED BY SIGNAL: 11 (Segmentation fault)
===================================================================================

===================================================================================
=   BAD TERMINATION OF ONE OF YOUR APPLICATION PROCESSES
=   RANK 2 PID 22152 RUNNING AT cb0204
=   KILLED BY SIGNAL: 11 (Segmentation fault)
===================================================================================

===================================================================================
=   BAD TERMINATION OF ONE OF YOUR APPLICATION PROCESSES
=   RANK 3 PID 22153 RUNNING AT cb0204
=   KILLED BY SIGNAL: 11 (Segmentation fault)
===================================================================================

===================================================================================
=   BAD TERMINATION OF ONE OF YOUR APPLICATION PROCESSES
=   RANK 4 PID 22154 RUNNING AT cb0204
=   KILLED BY SIGNAL: 11 (Segmentation fault)
===================================================================================

===================================================================================
=   BAD TERMINATION OF ONE OF YOUR APPLICATION PROCESSES
=   RANK 5 PID 22155 RUNNING AT cb0204
=   KILLED BY SIGNAL: 11 (Segmentation fault)
===================================================================================

===================================================================================
=   BAD TERMINATION OF ONE OF YOUR APPLICATION PROCESSES
=   RANK 6 PID 22156 RUNNING AT cb0204
=   KILLED BY SIGNAL: 11 (Segmentation fault)
===================================================================================

===================================================================================
=   BAD TERMINATION OF ONE OF YOUR APPLICATION PROCESSES
=   RANK 7 PID 22157 RUNNING AT cb0204
=   KILLED BY SIGNAL: 11 (Segmentation fault)
===================================================================================
