[ca0808:236763:0:236829] Caught signal 11 (Segmentation fault: address not mapped to object at address 0xb9ad9d0)
[ca0808:236767:0:236786] Caught signal 11 (Segmentation fault: address not mapped to object at address 0xb56e3f0)
[ca0808:236764:0:236851] Caught signal 11 (Segmentation fault: address not mapped to object at address 0xb57ca20)
[ca0808:236766:0:236868] Caught signal 11 (Segmentation fault: address not mapped to object at address 0xbe16000)
[ca0808:236769:0:236812] Caught signal 11 (Segmentation fault: address not mapped to object at address 0xb607f80)
[ca0808:236770:0:236802] Caught signal 11 (Segmentation fault: address not mapped to object at address 0xb356110)
[ca0808:236765:0:236863] Caught signal 11 (Segmentation fault: address not mapped to object at address 0xcb85c70)
[ca0808:236768:0:236853] Caught signal 11 (Segmentation fault: address not mapped to object at address 0xc192310)

===================================================================================
=   BAD TERMINATION OF ONE OF YOUR APPLICATION PROCESSES
=   RANK 0 PID 236763 RUNNING AT ca0808
=   KILLED BY SIGNAL: 11 (Segmentation fault)
===================================================================================

===================================================================================
=   BAD TERMINATION OF ONE OF YOUR APPLICATION PROCESSES
=   RANK 1 PID 236764 RUNNING AT ca0808
=   KILLED BY SIGNAL: 9 (Killed)
===================================================================================

===================================================================================
=   BAD TERMINATION OF ONE OF YOUR APPLICATION PROCESSES
=   RANK 2 PID 236765 RUNNING AT ca0808
=   KILLED BY SIGNAL: 11 (Segmentation fault)
===================================================================================

===================================================================================
=   BAD TERMINATION OF ONE OF YOUR APPLICATION PROCESSES
=   RANK 3 PID 236766 RUNNING AT ca0808
=   KILLED BY SIGNAL: 11 (Segmentation fault)
===================================================================================

===================================================================================
=   BAD TERMINATION OF ONE OF YOUR APPLICATION PROCESSES
=   RANK 4 PID 236767 RUNNING AT ca0808
=   KILLED BY SIGNAL: 11 (Segmentation fault)
===================================================================================

===================================================================================
=   BAD TERMINATION OF ONE OF YOUR APPLICATION PROCESSES
=   RANK 5 PID 236768 RUNNING AT ca0808
=   KILLED BY SIGNAL: 11 (Segmentation fault)
===================================================================================

===================================================================================
=   BAD TERMINATION OF ONE OF YOUR APPLICATION PROCESSES
=   RANK 6 PID 236769 RUNNING AT ca0808
=   KILLED BY SIGNAL: 11 (Segmentation fault)
===================================================================================

===================================================================================
=   BAD TERMINATION OF ONE OF YOUR APPLICATION PROCESSES
=   RANK 7 PID 236770 RUNNING AT ca0808
=   KILLED BY SIGNAL: 11 (Segmentation fault)
===================================================================================
