mpiicpc -c  -I./src -I./src/MY_MPI  -O3 -qopenmp -I/public1/home/sc81071/CAS_PP2024/wangzhe/hpcg-master/src /public1/home/sc81071/CAS_PP2024/wangzhe/hpcg-master/src/main.cpp -o src/main.o
mpiicpc -c  -I./src -I./src/MY_MPI  -O3 -qopenmp -I/public1/home/sc81071/CAS_PP2024/wangzhe/hpcg-master/src /public1/home/sc81071/CAS_PP2024/wangzhe/hpcg-master/src/CG.cpp -o src/CG.o
mpiicpc -c  -I./src -I./src/MY_MPI  -O3 -qopenmp -I/public1/home/sc81071/CAS_PP2024/wangzhe/hpcg-master/src /public1/home/sc81071/CAS_PP2024/wangzhe/hpcg-master/src/CG_ref.cpp -o src/CG_ref.o
mpiicpc -c  -I./src -I./src/MY_MPI  -O3 -qopenmp -I/public1/home/sc81071/CAS_PP2024/wangzhe/hpcg-master/src /public1/home/sc81071/CAS_PP2024/wangzhe/hpcg-master/src/TestCG.cpp -o src/TestCG.o
mpiicpc -c  -I./src -I./src/MY_MPI  -O3 -qopenmp -I/public1/home/sc81071/CAS_PP2024/wangzhe/hpcg-master/src /public1/home/sc81071/CAS_PP2024/wangzhe/hpcg-master/src/ComputeResidual.cpp -o src/ComputeResidual.o
mpiicpc -c  -I./src -I./src/MY_MPI  -O3 -qopenmp -I/public1/home/sc81071/CAS_PP2024/wangzhe/hpcg-master/src /public1/home/sc81071/CAS_PP2024/wangzhe/hpcg-master/src/ExchangeHalo.cpp -o src/ExchangeHalo.o
mpiicpc -c  -I./src -I./src/MY_MPI  -O3 -qopenmp -I/public1/home/sc81071/CAS_PP2024/wangzhe/hpcg-master/src /public1/home/sc81071/CAS_PP2024/wangzhe/hpcg-master/src/GenerateGeometry.cpp -o src/GenerateGeometry.o
mpiicpc -c  -I./src -I./src/MY_MPI  -O3 -qopenmp -I/public1/home/sc81071/CAS_PP2024/wangzhe/hpcg-master/src /public1/home/sc81071/CAS_PP2024/wangzhe/hpcg-master/src/GenerateProblem.cpp -o src/GenerateProblem.o
mpiicpc -c  -I./src -I./src/MY_MPI  -O3 -qopenmp -I/public1/home/sc81071/CAS_PP2024/wangzhe/hpcg-master/src /public1/home/sc81071/CAS_PP2024/wangzhe/hpcg-master/src/GenerateProblem_ref.cpp -o src/GenerateProblem_ref.o
mpiicpc -c  -I./src -I./src/MY_MPI  -O3 -qopenmp -I/public1/home/sc81071/CAS_PP2024/wangzhe/hpcg-master/src /public1/home/sc81071/CAS_PP2024/wangzhe/hpcg-master/src/CheckProblem.cpp -o src/CheckProblem.o
mpiicpc -c  -I./src -I./src/MY_MPI  -O3 -qopenmp -I/public1/home/sc81071/CAS_PP2024/wangzhe/hpcg-master/src /public1/home/sc81071/CAS_PP2024/wangzhe/hpcg-master/src/MixedBaseCounter.cpp -o src/MixedBaseCounter.o
mpiicpc -c  -I./src -I./src/MY_MPI  -O3 -qopenmp -I/public1/home/sc81071/CAS_PP2024/wangzhe/hpcg-master/src /public1/home/sc81071/CAS_PP2024/wangzhe/hpcg-master/src/OptimizeProblem.cpp -o src/OptimizeProblem.o
mpiicpc -c  -I./src -I./src/MY_MPI  -O3 -qopenmp -I/public1/home/sc81071/CAS_PP2024/wangzhe/hpcg-master/src /public1/home/sc81071/CAS_PP2024/wangzhe/hpcg-master/src/ReadHpcgDat.cpp -o src/ReadHpcgDat.o
mpiicpc -c  -I./src -I./src/MY_MPI  -O3 -qopenmp -I/public1/home/sc81071/CAS_PP2024/wangzhe/hpcg-master/src /public1/home/sc81071/CAS_PP2024/wangzhe/hpcg-master/src/ReportResults.cpp -o src/ReportResults.o
mpiicpc -c  -I./src -I./src/MY_MPI  -O3 -qopenmp -I/public1/home/sc81071/CAS_PP2024/wangzhe/hpcg-master/src /public1/home/sc81071/CAS_PP2024/wangzhe/hpcg-master/src/SetupHalo.cpp -o src/SetupHalo.o
mpiicpc -c  -I./src -I./src/MY_MPI  -O3 -qopenmp -I/public1/home/sc81071/CAS_PP2024/wangzhe/hpcg-master/src /public1/home/sc81071/CAS_PP2024/wangzhe/hpcg-master/src/SetupHalo_ref.cpp -o src/SetupHalo_ref.o
mpiicpc -c  -I./src -I./src/MY_MPI  -O3 -qopenmp -I/public1/home/sc81071/CAS_PP2024/wangzhe/hpcg-master/src /public1/home/sc81071/CAS_PP2024/wangzhe/hpcg-master/src/TestSymmetry.cpp -o src/TestSymmetry.o
mpiicpc -c  -I./src -I./src/MY_MPI  -O3 -qopenmp -I/public1/home/sc81071/CAS_PP2024/wangzhe/hpcg-master/src /public1/home/sc81071/CAS_PP2024/wangzhe/hpcg-master/src/TestNorms.cpp -o src/TestNorms.o
mpiicpc -c  -I./src -I./src/MY_MPI  -O3 -qopenmp -I/public1/home/sc81071/CAS_PP2024/wangzhe/hpcg-master/src /public1/home/sc81071/CAS_PP2024/wangzhe/hpcg-master/src/WriteProblem.cpp -o src/WriteProblem.o
mpiicpc -c  -I./src -I./src/MY_MPI  -O3 -qopenmp -I/public1/home/sc81071/CAS_PP2024/wangzhe/hpcg-master/src /public1/home/sc81071/CAS_PP2024/wangzhe/hpcg-master/src/YAML_Doc.cpp -o src/YAML_Doc.o
mpiicpc -c  -I./src -I./src/MY_MPI  -O3 -qopenmp -I/public1/home/sc81071/CAS_PP2024/wangzhe/hpcg-master/src /public1/home/sc81071/CAS_PP2024/wangzhe/hpcg-master/src/YAML_Element.cpp -o src/YAML_Element.o
mpiicpc -c  -I./src -I./src/MY_MPI  -O3 -qopenmp -I/public1/home/sc81071/CAS_PP2024/wangzhe/hpcg-master/src /public1/home/sc81071/CAS_PP2024/wangzhe/hpcg-master/src/ComputeDotProduct.cpp -o src/ComputeDotProduct.o
mpiicpc -c  -I./src -I./src/MY_MPI  -O3 -qopenmp -I/public1/home/sc81071/CAS_PP2024/wangzhe/hpcg-master/src /public1/home/sc81071/CAS_PP2024/wangzhe/hpcg-master/src/ComputeDotProduct_ref.cpp -o src/ComputeDotProduct_ref.o
mpiicpc -c  -I./src -I./src/MY_MPI  -O3 -qopenmp -I/public1/home/sc81071/CAS_PP2024/wangzhe/hpcg-master/src /public1/home/sc81071/CAS_PP2024/wangzhe/hpcg-master/src/mytimer.cpp -o src/mytimer.o
mpiicpc -c  -I./src -I./src/MY_MPI  -O3 -qopenmp -I/public1/home/sc81071/CAS_PP2024/wangzhe/hpcg-master/src /public1/home/sc81071/CAS_PP2024/wangzhe/hpcg-master/src/ComputeOptimalShapeXYZ.cpp -o src/ComputeOptimalShapeXYZ.o
mpiicpc -c  -I./src -I./src/MY_MPI  -O3 -qopenmp -I/public1/home/sc81071/CAS_PP2024/wangzhe/hpcg-master/src /public1/home/sc81071/CAS_PP2024/wangzhe/hpcg-master/src/ComputeSPMV.cpp -o src/ComputeSPMV.o
mpiicpc -c  -I./src -I./src/MY_MPI  -O3 -qopenmp -I/public1/home/sc81071/CAS_PP2024/wangzhe/hpcg-master/src /public1/home/sc81071/CAS_PP2024/wangzhe/hpcg-master/src/ComputeSPMV_ref.cpp -o src/ComputeSPMV_ref.o
mpiicpc -c  -I./src -I./src/MY_MPI  -O3 -qopenmp -I/public1/home/sc81071/CAS_PP2024/wangzhe/hpcg-master/src /public1/home/sc81071/CAS_PP2024/wangzhe/hpcg-master/src/ComputeSYMGS.cpp -o src/ComputeSYMGS.o
mpiicpc -c  -I./src -I./src/MY_MPI  -O3 -qopenmp -I/public1/home/sc81071/CAS_PP2024/wangzhe/hpcg-master/src /public1/home/sc81071/CAS_PP2024/wangzhe/hpcg-master/src/ComputeSYMGS_ref.cpp -o src/ComputeSYMGS_ref.o
mpiicpc -c  -I./src -I./src/MY_MPI  -O3 -qopenmp -I/public1/home/sc81071/CAS_PP2024/wangzhe/hpcg-master/src /public1/home/sc81071/CAS_PP2024/wangzhe/hpcg-master/src/ComputeWAXPBY.cpp -o src/ComputeWAXPBY.o
mpiicpc -c  -I./src -I./src/MY_MPI  -O3 -qopenmp -I/public1/home/sc81071/CAS_PP2024/wangzhe/hpcg-master/src /public1/home/sc81071/CAS_PP2024/wangzhe/hpcg-master/src/ComputeWAXPBY_ref.cpp -o src/ComputeWAXPBY_ref.o
mpiicpc -c  -I./src -I./src/MY_MPI  -O3 -qopenmp -I/public1/home/sc81071/CAS_PP2024/wangzhe/hpcg-master/src /public1/home/sc81071/CAS_PP2024/wangzhe/hpcg-master/src/ComputeMG_ref.cpp -o src/ComputeMG_ref.o
mpiicpc -c  -I./src -I./src/MY_MPI  -O3 -qopenmp -I/public1/home/sc81071/CAS_PP2024/wangzhe/hpcg-master/src /public1/home/sc81071/CAS_PP2024/wangzhe/hpcg-master/src/ComputeMG.cpp -o src/ComputeMG.o
mpiicpc -c  -I./src -I./src/MY_MPI  -O3 -qopenmp -I/public1/home/sc81071/CAS_PP2024/wangzhe/hpcg-master/src /public1/home/sc81071/CAS_PP2024/wangzhe/hpcg-master/src/ComputeProlongation_ref.cpp -o src/ComputeProlongation_ref.o
mpiicpc -c  -I./src -I./src/MY_MPI  -O3 -qopenmp -I/public1/home/sc81071/CAS_PP2024/wangzhe/hpcg-master/src /public1/home/sc81071/CAS_PP2024/wangzhe/hpcg-master/src/ComputeRestriction_ref.cpp -o src/ComputeRestriction_ref.o
mpiicpc -c  -I./src -I./src/MY_MPI  -O3 -qopenmp -I/public1/home/sc81071/CAS_PP2024/wangzhe/hpcg-master/src /public1/home/sc81071/CAS_PP2024/wangzhe/hpcg-master/src/CheckAspectRatio.cpp -o src/CheckAspectRatio.o
mpiicpc -c  -I./src -I./src/MY_MPI  -O3 -qopenmp -I/public1/home/sc81071/CAS_PP2024/wangzhe/hpcg-master/src /public1/home/sc81071/CAS_PP2024/wangzhe/hpcg-master/src/OutputFile.cpp -o src/OutputFile.o
mpiicpc -c  -I./src -I./src/MY_MPI  -O3 -qopenmp -I/public1/home/sc81071/CAS_PP2024/wangzhe/hpcg-master/src /public1/home/sc81071/CAS_PP2024/wangzhe/hpcg-master/src/GenerateCoarseProblem.cpp -o src/GenerateCoarseProblem.o
mpiicpc -c  -I./src -I./src/MY_MPI  -O3 -qopenmp -I/public1/home/sc81071/CAS_PP2024/wangzhe/hpcg-master/src /public1/home/sc81071/CAS_PP2024/wangzhe/hpcg-master/src/init.cpp -o src/init.o
mpiicpc -c  -I./src -I./src/MY_MPI  -O3 -qopenmp -I/public1/home/sc81071/CAS_PP2024/wangzhe/hpcg-master/src /public1/home/sc81071/CAS_PP2024/wangzhe/hpcg-master/src/finalize.cpp -o src/finalize.o
mpiicpc  -I./src -I./src/MY_MPI  -O3 -qopenmp src/main.o src/CG.o src/CG_ref.o src/TestCG.o src/ComputeResidual.o src/ExchangeHalo.o src/GenerateGeometry.o src/GenerateProblem.o src/GenerateProblem_ref.o src/CheckProblem.o src/MixedBaseCounter.o src/OptimizeProblem.o src/ReadHpcgDat.o src/ReportResults.o src/SetupHalo.o src/SetupHalo_ref.o src/TestSymmetry.o src/TestNorms.o src/WriteProblem.o src/YAML_Doc.o src/YAML_Element.o src/ComputeDotProduct.o src/ComputeDotProduct_ref.o src/mytimer.o src/ComputeOptimalShapeXYZ.o src/ComputeSPMV.o src/ComputeSPMV_ref.o src/ComputeSYMGS.o src/ComputeSYMGS_ref.o src/ComputeWAXPBY.o src/ComputeWAXPBY_ref.o src/ComputeMG_ref.o src/ComputeMG.o src/ComputeProlongation_ref.o src/ComputeRestriction_ref.o src/CheckAspectRatio.o src/OutputFile.o src/GenerateCoarseProblem.o src/init.o src/finalize.o  -o bin/xhpcg
