[cb0203:296265:0:296323] Caught signal 11 (Segmentation fault: address not mapped to object at address 0xb897190)
[cb0203:296268:0:296357] Caught signal 11 (Segmentation fault: address not mapped to object at address 0xd3bd910)
[cb0203:296269:0:296286] Caught signal 11 (Segmentation fault: address not mapped to object at address 0xce56f50)
[cb0203:296270:0:296311] Caught signal 11 (Segmentation fault: address not mapped to object at address 0xc5f0060)
[cb0203:296263:0:296296] Caught signal 11 (Segmentation fault: address not mapped to object at address 0xd011bb0)
[cb0203:296264:0:296320] Caught signal 11 (Segmentation fault: address not mapped to object at address 0xbac4900)
[cb0203:296267:0:296366] Caught signal 11 (Segmentation fault: address not mapped to object at address 0xc545bb0)

===================================================================================
=   BAD TERMINATION OF ONE OF YOUR APPLICATION PROCESSES
=   RANK 0 PID 296263 RUNNING AT cb0203
=   KILLED BY SIGNAL: 11 (Segmentation fault)
===================================================================================

===================================================================================
=   BAD TERMINATION OF ONE OF YOUR APPLICATION PROCESSES
=   RANK 1 PID 296264 RUNNING AT cb0203
=   KILLED BY SIGNAL: 11 (Segmentation fault)
===================================================================================

===================================================================================
=   BAD TERMINATION OF ONE OF YOUR APPLICATION PROCESSES
=   RANK 2 PID 296265 RUNNING AT cb0203
=   KILLED BY SIGNAL: 11 (Segmentation fault)
===================================================================================

===================================================================================
=   BAD TERMINATION OF ONE OF YOUR APPLICATION PROCESSES
=   RANK 3 PID 296266 RUNNING AT cb0203
=   KILLED BY SIGNAL: 11 (Segmentation fault)
===================================================================================

===================================================================================
=   BAD TERMINATION OF ONE OF YOUR APPLICATION PROCESSES
=   RANK 4 PID 296267 RUNNING AT cb0203
=   KILLED BY SIGNAL: 11 (Segmentation fault)
===================================================================================

===================================================================================
=   BAD TERMINATION OF ONE OF YOUR APPLICATION PROCESSES
=   RANK 5 PID 296268 RUNNING AT cb0203
=   KILLED BY SIGNAL: 11 (Segmentation fault)
===================================================================================

===================================================================================
=   BAD TERMINATION OF ONE OF YOUR APPLICATION PROCESSES
=   RANK 6 PID 296269 RUNNING AT cb0203
=   KILLED BY SIGNAL: 11 (Segmentation fault)
===================================================================================

===================================================================================
=   BAD TERMINATION OF ONE OF YOUR APPLICATION PROCESSES
=   RANK 7 PID 296270 RUNNING AT cb0203
=   KILLED BY SIGNAL: 11 (Segmentation fault)
===================================================================================
