[ca0503:185968:0:186043] Caught signal 11 (Segmentation fault: address not mapped to object at address 0xc5fdbe0)
[ca0503:185969:0:186026] Caught signal 11 (Segmentation fault: address not mapped to object at address 0xbf151c0)
[ca0503:185972:0:186074] Caught signal 11 (Segmentation fault: address not mapped to object at address 0xc8d4a90)
[ca0503:185974:0:186008] Caught signal 11 (Segmentation fault: address not mapped to object at address 0xc039fa0)
[ca0503:185973:0:186075] Caught signal 11 (Segmentation fault: address not mapped to object at address 0xc394c60)
[ca0503:185975:0:186021] Caught signal 11 (Segmentation fault: address not mapped to object at address 0xc7d6040)
[ca0503:185971:0:186060] Caught signal 11 (Segmentation fault: address not mapped to object at address 0xc5ecb10)

===================================================================================
=   BAD TERMINATION OF ONE OF YOUR APPLICATION PROCESSES
=   RANK 0 PID 185968 RUNNING AT ca0503
=   KILLED BY SIGNAL: 9 (Killed)
===================================================================================

===================================================================================
=   BAD TERMINATION OF ONE OF YOUR APPLICATION PROCESSES
=   RANK 1 PID 185969 RUNNING AT ca0503
=   KILLED BY SIGNAL: 11 (Segmentation fault)
===================================================================================

===================================================================================
=   BAD TERMINATION OF ONE OF YOUR APPLICATION PROCESSES
=   RANK 2 PID 185970 RUNNING AT ca0503
=   KILLED BY SIGNAL: 11 (Segmentation fault)
===================================================================================

===================================================================================
=   BAD TERMINATION OF ONE OF YOUR APPLICATION PROCESSES
=   RANK 3 PID 185971 RUNNING AT ca0503
=   KILLED BY SIGNAL: 11 (Segmentation fault)
===================================================================================

===================================================================================
=   BAD TERMINATION OF ONE OF YOUR APPLICATION PROCESSES
=   RANK 4 PID 185972 RUNNING AT ca0503
=   KILLED BY SIGNAL: 11 (Segmentation fault)
===================================================================================

===================================================================================
=   BAD TERMINATION OF ONE OF YOUR APPLICATION PROCESSES
=   RANK 5 PID 185973 RUNNING AT ca0503
=   KILLED BY SIGNAL: 11 (Segmentation fault)
===================================================================================

===================================================================================
=   BAD TERMINATION OF ONE OF YOUR APPLICATION PROCESSES
=   RANK 6 PID 185974 RUNNING AT ca0503
=   KILLED BY SIGNAL: 11 (Segmentation fault)
===================================================================================

===================================================================================
=   BAD TERMINATION OF ONE OF YOUR APPLICATION PROCESSES
=   RANK 7 PID 185975 RUNNING AT ca0503
=   KILLED BY SIGNAL: 11 (Segmentation fault)
===================================================================================
