[cb0306:340211:0:340211] Caught signal 11 (Segmentation fault: Sent by the kernel at address (nil))
==== backtrace (tid: 340211) ====
 0 0x000000000004d455 ucs_debug_print_backtrace()  ???:0
 1 0x00000000004048b7 DeleteMatrix()  ???:0
 2 0x0000000000404873 DeleteMatrix()  ???:0
 3 0x0000000000404873 DeleteMatrix()  ???:0
 4 0x000000000040421d main()  ???:0
 5 0x0000000000022555 __libc_start_main()  ???:0
 6 0x0000000000403659 _start()  ???:0
=================================

===================================================================================
=   BAD TERMINATION OF ONE OF YOUR APPLICATION PROCESSES
=   RANK 0 PID 340205 RUNNING AT cb0306
=   KILLED BY SIGNAL: 9 (Killed)
===================================================================================

===================================================================================
=   BAD TERMINATION OF ONE OF YOUR APPLICATION PROCESSES
=   RANK 1 PID 340206 RUNNING AT cb0306
=   KILLED BY SIGNAL: 9 (Killed)
===================================================================================

===================================================================================
=   BAD TERMINATION OF ONE OF YOUR APPLICATION PROCESSES
=   RANK 2 PID 340207 RUNNING AT cb0306
=   KILLED BY SIGNAL: 9 (Killed)
===================================================================================

===================================================================================
=   BAD TERMINATION OF ONE OF YOUR APPLICATION PROCESSES
=   RANK 3 PID 340208 RUNNING AT cb0306
=   KILLED BY SIGNAL: 9 (Killed)
===================================================================================

===================================================================================
=   BAD TERMINATION OF ONE OF YOUR APPLICATION PROCESSES
=   RANK 4 PID 340209 RUNNING AT cb0306
=   KILLED BY SIGNAL: 9 (Killed)
===================================================================================

===================================================================================
=   BAD TERMINATION OF ONE OF YOUR APPLICATION PROCESSES
=   RANK 5 PID 340210 RUNNING AT cb0306
=   KILLED BY SIGNAL: 9 (Killed)
===================================================================================

===================================================================================
=   BAD TERMINATION OF ONE OF YOUR APPLICATION PROCESSES
=   RANK 6 PID 340211 RUNNING AT cb0306
=   KILLED BY SIGNAL: 11 (Segmentation fault)
===================================================================================

===================================================================================
=   BAD TERMINATION OF ONE OF YOUR APPLICATION PROCESSES
=   RANK 7 PID 340212 RUNNING AT cb0306
=   KILLED BY SIGNAL: 9 (Killed)
===================================================================================
